This file contains any messages produced by compilers while
running configure, to aid debugging if configure makes a mistake.

It was created by SoundTouch configure 1.4.0, which was
generated by GNU Autoconf 2.67.  Invocation command line was

  $ ./configure --no-create --no-recursion

## --------- ##
## Platform. ##
## --------- ##

hostname = ps111668
uname -m = x86_64
uname -r = 3.1.9-vs2.3.2.5
uname -s = Linux
uname -v = #1 SMP Thu Jan 26 02:37:05 UTC 2012

/usr/bin/uname -p = unknown
/bin/uname -X     = unknown

/bin/arch              = unknown
/usr/bin/arch -k       = unknown
/usr/convex/getsysinfo = unknown
/usr/bin/hostinfo      = unknown
/bin/machine           = unknown
/usr/bin/oslevel       = unknown
/bin/universe          = unknown

PATH: /home/cantovario/env/bin
PATH: /home/cantovario/.gems/bin
PATH: /usr/lib/ruby/gems/1.8/bin/
PATH: /usr/local/bin
PATH: /usr/bin
PATH: /bin
PATH: /usr/bin/X11
PATH: /usr/games


## ----------- ##
## Core tests. ##
## ----------- ##

configure:2707: checking for a BSD-compatible install
configure:2775: result: /usr/bin/install -c
configure:2786: checking whether build environment is sane
configure:2823: result: yes
configure:2848: checking for a thread-safe mkdir -p
configure:2887: result: /bin/mkdir -p
configure:2900: checking for gawk
configure:2916: found /usr/bin/gawk
configure:2927: result: gawk
configure:2938: checking whether make sets $(MAKE)
configure:2960: result: yes
configure:3237: checking for g++
configure:3253: found /usr/bin/g++
configure:3264: result: g++
configure:3291: checking for C++ compiler version
configure:3300: g++ --version >&5
g++ (Debian 4.4.5-8) 4.4.5
Copyright (C) 2010 Free Software Foundation, Inc.
This is free software; see the source for copying conditions.  There is NO
warranty; not even for MERCHANTABILITY or FITNESS FOR A PARTICULAR PURPOSE.

configure:3311: $? = 0
configure:3300: g++ -v >&5
Using built-in specs.
Target: x86_64-linux-gnu
Configured with: ../src/configure -v --with-pkgversion='Debian 4.4.5-8' --with-bugurl=file:///usr/share/doc/gcc-4.4/README.Bugs --enable-languages=c,c++,fortran,objc,obj-c++ --prefix=/usr --program-suffix=-4.4 --enable-shared --enable-multiarch --enable-linker-build-id --with-system-zlib --libexecdir=/usr/lib --without-included-gettext --enable-threads=posix --with-gxx-include-dir=/usr/include/c++/4.4 --libdir=/usr/lib --enable-nls --enable-clocale=gnu --enable-libstdcxx-debug --enable-objc-gc --with-arch-32=i586 --with-tune=generic --enable-checking=release --build=x86_64-linux-gnu --host=x86_64-linux-gnu --target=x86_64-linux-gnu
Thread model: posix
gcc version 4.4.5 (Debian 4.4.5-8) 
configure:3311: $? = 0
configure:3300: g++ -V >&5
g++: '-V' option must have argument
configure:3311: $? = 1
configure:3300: g++ -qversion >&5
g++: unrecognized option '-qversion'
g++: no input files
configure:3311: $? = 1
configure:3331: checking whether the C++ compiler works
configure:3353: g++    conftest.cpp  >&5
configure:3357: $? = 0
configure:3405: result: yes
configure:3408: checking for C++ compiler default output file name
configure:3410: result: a.out
configure:3416: checking for suffix of executables
configure:3423: g++ -o conftest    conftest.cpp  >&5
configure:3427: $? = 0
configure:3449: result: 
configure:3471: checking whether we are cross compiling
configure:3479: g++ -o conftest    conftest.cpp  >&5
configure:3483: $? = 0
configure:3490: ./conftest
configure:3494: $? = 0
configure:3509: result: no
configure:3514: checking for suffix of object files
configure:3536: g++ -c   conftest.cpp >&5
configure:3540: $? = 0
configure:3561: result: o
configure:3565: checking whether we are using the GNU C++ compiler
configure:3584: g++ -c   conftest.cpp >&5
configure:3584: $? = 0
configure:3593: result: yes
configure:3602: checking whether g++ accepts -g
configure:3622: g++ -c -g  conftest.cpp >&5
configure:3622: $? = 0
configure:3663: result: yes
configure:3697: checking for style of include used by make
configure:3725: result: GNU
configure:3750: checking dependency style of g++
configure:3841: result: gcc3
configure:3905: checking for gcc
configure:3921: found /usr/bin/gcc
configure:3932: result: gcc
configure:4161: checking for C compiler version
configure:4170: gcc --version >&5
gcc (Debian 4.4.5-8) 4.4.5
Copyright (C) 2010 Free Software Foundation, Inc.
This is free software; see the source for copying conditions.  There is NO
warranty; not even for MERCHANTABILITY or FITNESS FOR A PARTICULAR PURPOSE.

configure:4181: $? = 0
configure:4170: gcc -v >&5
Using built-in specs.
Target: x86_64-linux-gnu
Configured with: ../src/configure -v --with-pkgversion='Debian 4.4.5-8' --with-bugurl=file:///usr/share/doc/gcc-4.4/README.Bugs --enable-languages=c,c++,fortran,objc,obj-c++ --prefix=/usr --program-suffix=-4.4 --enable-shared --enable-multiarch --enable-linker-build-id --with-system-zlib --libexecdir=/usr/lib --without-included-gettext --enable-threads=posix --with-gxx-include-dir=/usr/include/c++/4.4 --libdir=/usr/lib --enable-nls --enable-clocale=gnu --enable-libstdcxx-debug --enable-objc-gc --with-arch-32=i586 --with-tune=generic --enable-checking=release --build=x86_64-linux-gnu --host=x86_64-linux-gnu --target=x86_64-linux-gnu
Thread model: posix
gcc version 4.4.5 (Debian 4.4.5-8) 
configure:4181: $? = 0
configure:4170: gcc -V >&5
gcc: '-V' option must have argument
configure:4181: $? = 1
configure:4170: gcc -qversion >&5
gcc: unrecognized option '-qversion'
gcc: no input files
configure:4181: $? = 1
configure:4185: checking whether we are using the GNU C compiler
configure:4204: gcc -c   conftest.c >&5
configure:4204: $? = 0
configure:4213: result: yes
configure:4222: checking whether gcc accepts -g
configure:4242: gcc -c -g  conftest.c >&5
configure:4242: $? = 0
configure:4283: result: yes
configure:4300: checking for gcc option to accept ISO C89
configure:4364: gcc  -c -g -O2  conftest.c >&5
configure:4364: $? = 0
configure:4377: result: none needed
configure:4399: checking dependency style of gcc
configure:4490: result: gcc3
configure:4510: checking how to run the C preprocessor
configure:4541: gcc -E  conftest.c
configure:4541: $? = 0
configure:4555: gcc -E  conftest.c
conftest.c:11:28: error: ac_nonexistent.h: No such file or directory
configure:4555: $? = 1
configure: failed program was:
| /* confdefs.h */
| #define PACKAGE_NAME "SoundTouch"
| #define PACKAGE_TARNAME "soundtouch"
| #define PACKAGE_VERSION "1.4.0"
| #define PACKAGE_STRING "SoundTouch 1.4.0"
| #define PACKAGE_BUGREPORT "http://www.surina.net/soundtouch"
| #define PACKAGE_URL ""
| #define PACKAGE "soundtouch"
| #define VERSION "1.4.0"
| /* end confdefs.h.  */
| #include <ac_nonexistent.h>
configure:4580: result: gcc -E
configure:4600: gcc -E  conftest.c
configure:4600: $? = 0
configure:4614: gcc -E  conftest.c
conftest.c:11:28: error: ac_nonexistent.h: No such file or directory
configure:4614: $? = 1
configure: failed program was:
| /* confdefs.h */
| #define PACKAGE_NAME "SoundTouch"
| #define PACKAGE_TARNAME "soundtouch"
| #define PACKAGE_VERSION "1.4.0"
| #define PACKAGE_STRING "SoundTouch 1.4.0"
| #define PACKAGE_BUGREPORT "http://www.surina.net/soundtouch"
| #define PACKAGE_URL ""
| #define PACKAGE "soundtouch"
| #define VERSION "1.4.0"
| /* end confdefs.h.  */
| #include <ac_nonexistent.h>
configure:4647: checking how to run the C++ preprocessor
configure:4674: g++ -E  conftest.cpp
configure:4674: $? = 0
configure:4688: g++ -E  conftest.cpp
conftest.cpp:11:28: error: ac_nonexistent.h: No such file or directory
configure:4688: $? = 1
configure: failed program was:
| /* confdefs.h */
| #define PACKAGE_NAME "SoundTouch"
| #define PACKAGE_TARNAME "soundtouch"
| #define PACKAGE_VERSION "1.4.0"
| #define PACKAGE_STRING "SoundTouch 1.4.0"
| #define PACKAGE_BUGREPORT "http://www.surina.net/soundtouch"
| #define PACKAGE_URL ""
| #define PACKAGE "soundtouch"
| #define VERSION "1.4.0"
| /* end confdefs.h.  */
| #include <ac_nonexistent.h>
configure:4713: result: g++ -E
configure:4733: g++ -E  conftest.cpp
configure:4733: $? = 0
configure:4747: g++ -E  conftest.cpp
conftest.cpp:11:28: error: ac_nonexistent.h: No such file or directory
configure:4747: $? = 1
configure: failed program was:
| /* confdefs.h */
| #define PACKAGE_NAME "SoundTouch"
| #define PACKAGE_TARNAME "soundtouch"
| #define PACKAGE_VERSION "1.4.0"
| #define PACKAGE_STRING "SoundTouch 1.4.0"
| #define PACKAGE_BUGREPORT "http://www.surina.net/soundtouch"
| #define PACKAGE_URL ""
| #define PACKAGE "soundtouch"
| #define VERSION "1.4.0"
| /* end confdefs.h.  */
| #include <ac_nonexistent.h>
configure:4777: checking whether make sets $(MAKE)
configure:4799: result: yes
configure:4861: checking build system type
configure:4875: result: x86_64-unknown-linux-gnu
configure:4895: checking host system type
configure:4908: result: x86_64-unknown-linux-gnu
configure:4928: checking for a sed that does not truncate output
configure:4984: result: /bin/sed
configure:4987: checking for grep that handles long lines and -e
configure:5045: result: /bin/grep
configure:5050: checking for egrep
configure:5112: result: /bin/grep -E
configure:5128: checking for ld used by gcc
configure:5195: result: /usr/bin/ld
configure:5202: checking if the linker (/usr/bin/ld) is GNU ld
configure:5217: result: yes
configure:5222: checking for /usr/bin/ld option to reload object files
configure:5229: result: -r
configure:5247: checking for BSD-compatible nm
configure:5296: result: /usr/bin/nm -B
configure:5300: checking whether ln -s works
configure:5304: result: yes
configure:5311: checking how to recognize dependent libraries
configure:5497: result: pass_all
configure:5587: g++ -c -g -O2  conftest.cpp >&5
configure:5590: $? = 0
configure:5714: checking for ANSI C header files
configure:5734: g++ -c -g -O2  conftest.cpp >&5
configure:5734: $? = 0
configure:5807: g++ -o conftest -g -O2   conftest.cpp  >&5
configure:5807: $? = 0
configure:5807: ./conftest
configure:5807: $? = 0
configure:5818: result: yes
configure:5831: checking for sys/types.h
configure:5831: g++ -c -g -O2  conftest.cpp >&5
configure:5831: $? = 0
configure:5831: result: yes
configure:5831: checking for sys/stat.h
configure:5831: g++ -c -g -O2  conftest.cpp >&5
configure:5831: $? = 0
configure:5831: result: yes
configure:5831: checking for stdlib.h
configure:5831: g++ -c -g -O2  conftest.cpp >&5
configure:5831: $? = 0
configure:5831: result: yes
configure:5831: checking for string.h
configure:5831: g++ -c -g -O2  conftest.cpp >&5
configure:5831: $? = 0
configure:5831: result: yes
configure:5831: checking for memory.h
configure:5831: g++ -c -g -O2  conftest.cpp >&5
configure:5831: $? = 0
configure:5831: result: yes
configure:5831: checking for strings.h
configure:5831: g++ -c -g -O2  conftest.cpp >&5
configure:5831: $? = 0
configure:5831: result: yes
configure:5831: checking for inttypes.h
configure:5831: g++ -c -g -O2  conftest.cpp >&5
configure:5831: $? = 0
configure:5831: result: yes
configure:5831: checking for stdint.h
configure:5831: g++ -c -g -O2  conftest.cpp >&5
configure:5831: $? = 0
configure:5831: result: yes
configure:5831: checking for unistd.h
configure:5831: g++ -c -g -O2  conftest.cpp >&5
configure:5831: $? = 0
configure:5831: result: yes
configure:5845: checking dlfcn.h usability
configure:5845: g++ -c -g -O2  conftest.cpp >&5
configure:5845: $? = 0
configure:5845: result: yes
configure:5845: checking dlfcn.h presence
configure:5845: g++ -E  conftest.cpp
configure:5845: $? = 0
configure:5845: result: yes
configure:5845: checking for dlfcn.h
configure:5845: result: yes
configure:5865: checking how to run the C++ preprocessor
configure:5931: result: g++ -E
configure:5951: g++ -E  conftest.cpp
configure:5951: $? = 0
configure:5965: g++ -E  conftest.cpp
conftest.cpp:22:28: error: ac_nonexistent.h: No such file or directory
configure:5965: $? = 1
configure: failed program was:
| /* confdefs.h */
| #define PACKAGE_NAME "SoundTouch"
| #define PACKAGE_TARNAME "soundtouch"
| #define PACKAGE_VERSION "1.4.0"
| #define PACKAGE_STRING "SoundTouch 1.4.0"
| #define PACKAGE_BUGREPORT "http://www.surina.net/soundtouch"
| #define PACKAGE_URL ""
| #define PACKAGE "soundtouch"
| #define VERSION "1.4.0"
| #define STDC_HEADERS 1
| #define HAVE_SYS_TYPES_H 1
| #define HAVE_SYS_STAT_H 1
| #define HAVE_STDLIB_H 1
| #define HAVE_STRING_H 1
| #define HAVE_MEMORY_H 1
| #define HAVE_STRINGS_H 1
| #define HAVE_INTTYPES_H 1
| #define HAVE_STDINT_H 1
| #define HAVE_UNISTD_H 1
| #define HAVE_DLFCN_H 1
| /* end confdefs.h.  */
| #include <ac_nonexistent.h>
configure:6048: checking for g77
configure:6078: result: no
configure:6048: checking for xlf
configure:6078: result: no
configure:6048: checking for f77
configure:6078: result: no
configure:6048: checking for frt
configure:6078: result: no
configure:6048: checking for pgf77
configure:6078: result: no
configure:6048: checking for cf77
configure:6078: result: no
configure:6048: checking for fort77
configure:6078: result: no
configure:6048: checking for fl32
configure:6078: result: no
configure:6048: checking for af77
configure:6078: result: no
configure:6048: checking for xlf90
configure:6078: result: no
configure:6048: checking for f90
configure:6078: result: no
configure:6048: checking for pgf90
configure:6078: result: no
configure:6048: checking for pghpf
configure:6078: result: no
configure:6048: checking for epcf90
configure:6078: result: no
configure:6048: checking for gfortran
configure:6064: found /usr/bin/gfortran
configure:6075: result: gfortran
configure:6101: checking for Fortran 77 compiler version
configure:6110: gfortran --version >&5
GNU Fortran (Debian 4.4.5-8) 4.4.5
Copyright (C) 2010 Free Software Foundation, Inc.

GNU Fortran comes with NO WARRANTY, to the extent permitted by law.
You may redistribute copies of GNU Fortran
under the terms of the GNU General Public License.
For more information about these matters, see the file named COPYING

configure:6121: $? = 0
configure:6110: gfortran -v >&5
Using built-in specs.
Target: x86_64-linux-gnu
Configured with: ../src/configure -v --with-pkgversion='Debian 4.4.5-8' --with-bugurl=file:///usr/share/doc/gcc-4.4/README.Bugs --enable-languages=c,c++,fortran,objc,obj-c++ --prefix=/usr --program-suffix=-4.4 --enable-shared --enable-multiarch --enable-linker-build-id --with-system-zlib --libexecdir=/usr/lib --without-included-gettext --enable-threads=posix --with-gxx-include-dir=/usr/include/c++/4.4 --libdir=/usr/lib --enable-nls --enable-clocale=gnu --enable-libstdcxx-debug --enable-objc-gc --with-arch-32=i586 --with-tune=generic --enable-checking=release --build=x86_64-linux-gnu --host=x86_64-linux-gnu --target=x86_64-linux-gnu
Thread model: posix
gcc version 4.4.5 (Debian 4.4.5-8) 
configure:6121: $? = 0
configure:6110: gfortran -V >&5
gfortran: '-V' option must have argument
configure:6121: $? = 1
configure:6110: gfortran -qversion >&5
gfortran: unrecognized option '-qversion'
gfortran: no input files
configure:6121: $? = 1
configure:6130: checking whether we are using the GNU Fortran 77 compiler
configure:6143: gfortran -c  conftest.F >&5
configure:6143: $? = 0
configure:6152: result: yes
configure:6158: checking whether gfortran accepts -g
configure:6169: gfortran -c -g conftest.f >&5
configure:6169: $? = 0
configure:6177: result: yes
configure:6210: checking the maximum length of command line arguments
configure:6322: result: 3458764513820540925
configure:6334: checking command to parse /usr/bin/nm -B output from gcc object
configure:6439: g++ -c -g -O2  conftest.cpp >&5
configure:6442: $? = 0
configure:6446: /usr/bin/nm -B conftest.o \| sed -n -e 's/^.*[ 	]\([ABCDGIRSTW][ABCDGIRSTW]*\)[ 	][ 	]*\([_A-Za-z][_A-Za-z0-9]*\)$/\1 \2 \2/p' \> conftest.nm
configure:6449: $? = 0
configure:6501: g++ -o conftest -g -O2   conftest.cpp conftstm.o >&5
configure:6504: $? = 0
configure:6542: result: ok
configure:6546: checking for objdir
configure:6561: result: .libs
configure:6653: checking for ar
configure:6669: found /usr/bin/ar
configure:6680: result: ar
configure:6745: checking for ranlib
configure:6761: found /usr/bin/ranlib
configure:6772: result: ranlib
configure:6837: checking for strip
configure:6853: found /usr/bin/strip
configure:6864: result: strip
configure:7425: checking if gcc supports -fno-rtti -fno-exceptions
configure:7443: gcc -c -g -O2  -fno-rtti -fno-exceptions conftest.c >&5
cc1: warning: command line option "-fno-rtti" is valid for C++/ObjC++ but not for C
configure:7447: $? = 0
configure:7460: result: no
configure:7475: checking for gcc option to produce PIC
configure:7707: result: -fPIC
configure:7715: checking if gcc PIC flag -fPIC works
configure:7733: gcc -c -g -O2  -fPIC -DPIC conftest.c >&5
configure:7737: $? = 0
configure:7750: result: yes
configure:7778: checking if gcc static flag -static works
configure:7806: result: yes
configure:7816: checking if gcc supports -c -o file.o
configure:7837: gcc -c -g -O2  -o out/conftest2.o conftest.c >&5
configure:7841: $? = 0
configure:7863: result: yes
configure:7889: checking whether the gcc linker (/usr/bin/ld -m elf_x86_64) supports shared libraries
configure:8816: result: yes
configure:8883: checking dynamic linker characteristics
configure:9497: result: GNU/Linux ld.so
configure:9521: checking how to hardcode library paths into programs
configure:9546: result: immediate
configure:9560: checking whether stripping libraries is possible
configure:9565: result: yes
configure:10082: checking if libtool supports shared libraries
configure:10084: result: yes
configure:10087: checking whether to build shared libraries
configure:10108: result: no
configure:10111: checking whether to build static libraries
configure:10115: result: yes
configure:19326: checking for ANSI C header files
configure:19430: result: yes
configure:19447: checking for an ANSI C-conforming const
configure:19512: g++ -c -g -O2  conftest.cpp >&5
configure:19512: $? = 0
configure:19519: result: yes
configure:19527: checking for inline
configure:19543: g++ -c -g -O2  conftest.cpp >&5
configure:19543: $? = 0
configure:19551: result: inline
configure:19598: checking for stdlib.h
configure:19598: result: yes
configure:19608: checking for GNU libc compatible malloc
configure:19632: g++ -o conftest -g -O2   conftest.cpp  >&5
configure:19632: $? = 0
configure:19632: ./conftest
configure:19632: $? = 0
configure:19642: result: yes
configure:19663: checking return type of signal handlers
configure:19681: g++ -c -g -O2  conftest.cpp >&5
conftest.cpp: In function 'int main()':
conftest.cpp:32: error: void value not ignored as it ought to be
configure:19681: $? = 1
configure: failed program was:
| /* confdefs.h */
| #define PACKAGE_NAME "SoundTouch"
| #define PACKAGE_TARNAME "soundtouch"
| #define PACKAGE_VERSION "1.4.0"
| #define PACKAGE_STRING "SoundTouch 1.4.0"
| #define PACKAGE_BUGREPORT "http://www.surina.net/soundtouch"
| #define PACKAGE_URL ""
| #define PACKAGE "soundtouch"
| #define VERSION "1.4.0"
| #define STDC_HEADERS 1
| #define HAVE_SYS_TYPES_H 1
| #define HAVE_SYS_STAT_H 1
| #define HAVE_STDLIB_H 1
| #define HAVE_STRING_H 1
| #define HAVE_MEMORY_H 1
| #define HAVE_STRINGS_H 1
| #define HAVE_INTTYPES_H 1
| #define HAVE_STDINT_H 1
| #define HAVE_UNISTD_H 1
| #define HAVE_DLFCN_H 1
| #define STDC_HEADERS 1
| #define FLOAT_SAMPLES 1
| #define HAVE_STDLIB_H 1
| #define HAVE_MALLOC 1
| /* end confdefs.h.  */
| #include <sys/types.h>
| #include <signal.h>
| 
| int
| main ()
| {
| return *(signal (0, 0)) (0) == 1;
|   ;
|   return 0;
| }
configure:19688: result: void
configure:19697: checking for sqrt in -lm
configure:19722: g++ -o conftest -g -O2   conftest.cpp -lm   >&5
configure:19722: $? = 0
configure:19731: result: yes
configure:19881: creating ./config.status

## ---------------- ##
## Cache variables. ##
## ---------------- ##

ac_cv_build=x86_64-unknown-linux-gnu
ac_cv_c_compiler_gnu=yes
ac_cv_c_const=yes
ac_cv_c_inline=inline
ac_cv_cxx_compiler_gnu=yes
ac_cv_env_CCC_set=
ac_cv_env_CCC_value=
ac_cv_env_CC_set=
ac_cv_env_CC_value=
ac_cv_env_CFLAGS_set=
ac_cv_env_CFLAGS_value=
ac_cv_env_CPPFLAGS_set=
ac_cv_env_CPPFLAGS_value=
ac_cv_env_CPP_set=
ac_cv_env_CPP_value=
ac_cv_env_CXXCPP_set=
ac_cv_env_CXXCPP_value=
ac_cv_env_CXXFLAGS_set=
ac_cv_env_CXXFLAGS_value=
ac_cv_env_CXX_set=
ac_cv_env_CXX_value=
ac_cv_env_F77_set=
ac_cv_env_F77_value=
ac_cv_env_FFLAGS_set=
ac_cv_env_FFLAGS_value=
ac_cv_env_LDFLAGS_set=
ac_cv_env_LDFLAGS_value=
ac_cv_env_LIBS_set=
ac_cv_env_LIBS_value=
ac_cv_env_build_alias_set=
ac_cv_env_build_alias_value=
ac_cv_env_host_alias_set=
ac_cv_env_host_alias_value=
ac_cv_env_target_alias_set=
ac_cv_env_target_alias_value=
ac_cv_f77_compiler_gnu=yes
ac_cv_func_malloc_0_nonnull=yes
ac_cv_header_dlfcn_h=yes
ac_cv_header_inttypes_h=yes
ac_cv_header_memory_h=yes
ac_cv_header_stdc=yes
ac_cv_header_stdint_h=yes
ac_cv_header_stdlib_h=yes
ac_cv_header_string_h=yes
ac_cv_header_strings_h=yes
ac_cv_header_sys_stat_h=yes
ac_cv_header_sys_types_h=yes
ac_cv_header_unistd_h=yes
ac_cv_host=x86_64-unknown-linux-gnu
ac_cv_lib_m_sqrt=yes
ac_cv_objext=o
ac_cv_path_EGREP='/bin/grep -E'
ac_cv_path_GREP=/bin/grep
ac_cv_path_install='/usr/bin/install -c'
ac_cv_path_mkdir=/bin/mkdir
ac_cv_prog_AWK=gawk
ac_cv_prog_CPP='gcc -E'
ac_cv_prog_CXXCPP='g++ -E'
ac_cv_prog_ac_ct_AR=ar
ac_cv_prog_ac_ct_CC=gcc
ac_cv_prog_ac_ct_CXX=g++
ac_cv_prog_ac_ct_F77=gfortran
ac_cv_prog_ac_ct_RANLIB=ranlib
ac_cv_prog_ac_ct_STRIP=strip
ac_cv_prog_cc_c89=
ac_cv_prog_cc_g=yes
ac_cv_prog_cxx_g=yes
ac_cv_prog_f77_g=yes
ac_cv_prog_make_make_set=yes
ac_cv_type_signal=void
am_cv_CC_dependencies_compiler_type=gcc3
am_cv_CXX_dependencies_compiler_type=gcc3
lt_cv_deplibs_check_method=pass_all
lt_cv_file_magic_cmd='$MAGIC_CMD'
lt_cv_file_magic_test_file=
lt_cv_ld_reload_flag=-r
lt_cv_objdir=.libs
lt_cv_path_LD=/usr/bin/ld
lt_cv_path_NM='/usr/bin/nm -B'
lt_cv_path_SED=/bin/sed
lt_cv_prog_compiler_c_o=yes
lt_cv_prog_compiler_pic_works=yes
lt_cv_prog_compiler_rtti_exceptions=no
lt_cv_prog_compiler_static_works=yes
lt_cv_prog_gnu_ld=yes
lt_cv_sys_global_symbol_pipe='sed -n -e '\''s/^.*[ 	]\([ABCDGIRSTW][ABCDGIRSTW]*\)[ 	][ 	]*\([_A-Za-z][_A-Za-z0-9]*\)$/\1 \2 \2/p'\'''
lt_cv_sys_global_symbol_to_c_name_address='sed -n -e '\''s/^: \([^ ]*\) $/  {\"\1\", (lt_ptr) 0},/p'\'' -e '\''s/^[BCDEGRST] \([^ ]*\) \([^ ]*\)$/  {"\2", (lt_ptr) \&\2},/p'\'''
lt_cv_sys_global_symbol_to_cdecl='sed -n -e '\''s/^. .* \(.*\)$/extern int \1;/p'\'''
lt_cv_sys_lib_dlsearch_path_spec='/lib /usr/lib /usr/local/lib /lib/x86_64-linux-gnu /usr/lib/x86_64-linux-gnu '
lt_cv_sys_lib_search_path_spec='/usr/lib/gcc/x86_64-linux-gnu/4.4.5 /usr/lib /lib'
lt_cv_sys_max_cmd_len=3458764513820540925

## ----------------- ##
## Output variables. ##
## ----------------- ##

ACLOCAL='${SHELL} /home/cantovario/source/libraries/soundtouch/config/missing --run aclocal-1.10'
AMDEPBACKSLASH='\'
AMDEP_FALSE='#'
AMDEP_TRUE=''
AMTAR='${SHELL} /home/cantovario/source/libraries/soundtouch/config/missing --run tar'
AR='ar'
AUTOCONF='${SHELL} /home/cantovario/source/libraries/soundtouch/config/missing --run autoconf'
AUTOHEADER='${SHELL} /home/cantovario/source/libraries/soundtouch/config/missing --run autoheader'
AUTOMAKE='${SHELL} /home/cantovario/source/libraries/soundtouch/config/missing --run automake-1.10'
AWK='gawk'
CC='gcc'
CCDEPMODE='depmode=gcc3'
CFLAGS='-g -O2'
CPP='gcc -E'
CPPFLAGS=''
CXX='g++'
CXXCPP='g++ -E'
CXXDEPMODE='depmode=gcc3'
CXXFLAGS='-g -O2'
CYGPATH_W='echo'
DEFS='-DHAVE_CONFIG_H'
DEPDIR='.deps'
DSYMUTIL=''
ECHO='echo'
ECHO_C=''
ECHO_N='-n'
ECHO_T=''
EGREP='/bin/grep -E'
EXEEXT=''
F77='gfortran'
FFLAGS='-g -O2'
GREP='/bin/grep'
INSTALL_DATA='${INSTALL} -m 644'
INSTALL_PROGRAM='${INSTALL}'
INSTALL_SCRIPT='${INSTALL}'
INSTALL_STRIP_PROGRAM='$(install_sh) -c -s'
LDFLAGS=''
LIBOBJS=''
LIBS='-lm '
LIBTOOL='$(SHELL) $(top_builddir)/libtool'
LN_S='ln -s'
LTLIBOBJS=''
MAKEINFO='${SHELL} /home/cantovario/source/libraries/soundtouch/config/missing --run makeinfo'
MKDIR_P='/bin/mkdir -p'
NMEDIT=''
OBJEXT='o'
PACKAGE='soundtouch'
PACKAGE_BUGREPORT='http://www.surina.net/soundtouch'
PACKAGE_NAME='SoundTouch'
PACKAGE_STRING='SoundTouch 1.4.0'
PACKAGE_TARNAME='soundtouch'
PACKAGE_URL=''
PACKAGE_VERSION='1.4.0'
PATH_SEPARATOR=':'
RANLIB='ranlib'
SED='/bin/sed'
SET_MAKE=''
SHELL='/bin/sh'
STRIP='strip'
VERSION='1.4.0'
ac_ct_CC='gcc'
ac_ct_CXX='g++'
ac_ct_F77='gfortran'
am__fastdepCC_FALSE='#'
am__fastdepCC_TRUE=''
am__fastdepCXX_FALSE='#'
am__fastdepCXX_TRUE=''
am__include='include'
am__isrc=''
am__leading_dot='.'
am__quote=''
am__tar='${AMTAR} chof - "$$tardir"'
am__untar='${AMTAR} xf -'
bindir='${exec_prefix}/bin'
build='x86_64-unknown-linux-gnu'
build_alias=''
build_cpu='x86_64'
build_os='linux-gnu'
build_vendor='unknown'
datadir='${datarootdir}'
datarootdir='${prefix}/share'
docdir='${datarootdir}/doc/${PACKAGE_TARNAME}'
dvidir='${docdir}'
exec_prefix='${prefix}'
host='x86_64-unknown-linux-gnu'
host_alias=''
host_cpu='x86_64'
host_os='linux-gnu'
host_vendor='unknown'
htmldir='${docdir}'
includedir='${prefix}/include'
infodir='${datarootdir}/info'
install_sh='$(SHELL) /home/cantovario/source/libraries/soundtouch/config/install-sh'
libdir='${exec_prefix}/lib'
libexecdir='${exec_prefix}/libexec'
localedir='${datarootdir}/locale'
localstatedir='${prefix}/var'
mandir='${datarootdir}/man'
mkdir_p='/bin/mkdir -p'
oldincludedir='/usr/include'
pdfdir='${docdir}'
prefix='/usr/local'
program_transform_name='s,x,x,'
psdir='${docdir}'
sbindir='${exec_prefix}/sbin'
sharedstatedir='${prefix}/com'
sysconfdir='${prefix}/etc'
target_alias=''

## ----------- ##
## confdefs.h. ##
## ----------- ##

/* confdefs.h */
#define PACKAGE_NAME "SoundTouch"
#define PACKAGE_TARNAME "soundtouch"
#define PACKAGE_VERSION "1.4.0"
#define PACKAGE_STRING "SoundTouch 1.4.0"
#define PACKAGE_BUGREPORT "http://www.surina.net/soundtouch"
#define PACKAGE_URL ""
#define PACKAGE "soundtouch"
#define VERSION "1.4.0"
#define STDC_HEADERS 1
#define HAVE_SYS_TYPES_H 1
#define HAVE_SYS_STAT_H 1
#define HAVE_STDLIB_H 1
#define HAVE_STRING_H 1
#define HAVE_MEMORY_H 1
#define HAVE_STRINGS_H 1
#define HAVE_INTTYPES_H 1
#define HAVE_STDINT_H 1
#define HAVE_UNISTD_H 1
#define HAVE_DLFCN_H 1
#define STDC_HEADERS 1
#define FLOAT_SAMPLES 1
#define HAVE_STDLIB_H 1
#define HAVE_MALLOC 1
#define RETSIGTYPE void
#define HAVE_LIBM 1

configure: exit 0

## ---------------------- ##
## Running config.status. ##
## ---------------------- ##

This file was extended by SoundTouch config.status 1.4.0, which was
generated by GNU Autoconf 2.67.  Invocation command line was

  CONFIG_FILES    = 
  CONFIG_HEADERS  = 
  CONFIG_LINKS    = 
  CONFIG_COMMANDS = 
  $ ./config.status 

on ps111668

config.status:892: creating Makefile
config.status:892: creating source/Makefile
config.status:892: creating source/SoundTouch/Makefile
config.status:892: creating source/SoundStretch/Makefile
config.status:892: creating include/Makefile
config.status:892: creating soundtouch-1.4.pc
config.status:892: creating include/soundtouch_config.h
config.status:1072: include/soundtouch_config.h is unchanged
config.status:1120: executing depfiles commands

## ---------------------- ##
## Running config.status. ##
## ---------------------- ##

This file was extended by SoundTouch config.status 1.4.0, which was
generated by GNU Autoconf 2.67.  Invocation command line was

  CONFIG_FILES    = 
  CONFIG_HEADERS  = 
  CONFIG_LINKS    = 
  CONFIG_COMMANDS = 
  $ ./config.status include/soundtouch_config.h

on ps111668

config.status:892: creating include/soundtouch_config.h
